<?xml version="1.0" encoding="UTF-8"?>
<!-- Generated by org.testng.reporters.JUnitReportReporter -->
<testsuite hostname="DESKTOP-422QJLE" failures="0" tests="1" name="com.mul.mini" time="54.314" errors="0" timestamp="2022-07-26T20:24:18 IST" skipped="0">
  <testcase classname="com.mul.mini" name="setup" time="54.314"/>
  <system-out/>
</testsuite> <!-- com.mul.mini -->
